# JRE version: Java(TM) SE Runtime Environment (9.0+11) (build 9.0.4+11)
# Java VM: Java HotSpot(TM) 64-Bit Server VM (9.0.4+11, mixed mode, tiered, compressed oops, g1 gc, windows-amd64)
Heap:
 garbage-first heap   total 457728K, used 95752K [0x0000000081800000, 0x0000000081900df8, 0x0000000100000000)
  region size 1024K, 15 young (15360K), 15 survivors (15360K)
 Metaspace       used 54200K, capacity 55634K, committed 55680K, reserved 1099776K
  class space    used 6018K, capacity 6378K, committed 6400K, reserved 1048576K
GC Heap History (10 events):
Event: 18.012 GC heap after
{Heap after GC invocations=26 (full 0):
 garbage-first heap   total 227328K, used 112640K [0x0000000081800000, 0x00000000819006f0, 0x0000000100000000)
  region size 1024K, 10 young (10240K), 10 survivors (10240K)
 Metaspace       used 31948K, capacity 33016K, committed 33152K, reserved 1079296K
  class space    used 3358K, capacity 3648K, committed 3712K, reserved 1048576K
}
Event: 18.267 GC heap before
{Heap before GC invocations=26 (full 0):
 garbage-first heap   total 227328K, used 177152K [0x0000000081800000, 0x00000000819006f0, 0x0000000100000000)
  region size 1024K, 73 young (74752K), 10 survivors (10240K)
 Metaspace       used 31958K, capacity 33084K, committed 33408K, reserved 1079296K
  class space    used 3359K, capacity 3648K, committed 3712K, reserved 1048576K
}
Event: 18.280 GC heap after
{Heap after GC invocations=27 (full 0):
 garbage-first heap   total 358400K, used 116325K [0x0000000081800000, 0x0000000081900af0, 0x0000000100000000)
  region size 1024K, 10 young (10240K), 10 survivors (10240K)
 Metaspace       used 31958K, capacity 33084K, committed 33408K, reserved 1079296K
  class space    used 3359K, capacity 3648K, committed 3712K, reserved 1048576K
}
Event: 18.964 GC heap before
{Heap before GC invocations=28 (full 0):
 garbage-first heap   total 358400K, used 261733K [0x0000000081800000, 0x0000000081900af0, 0x0000000100000000)
  region size 1024K, 181 young (185344K), 10 survivors (10240K)
 Metaspace       used 32013K, capacity 33148K, committed 33408K, reserved 1079296K
  class space    used 3359K, capacity 3648K, committed 3712K, reserved 1048576K
}
Event: 18.982 GC heap after
{Heap after GC invocations=29 (full 0):
 garbage-first heap   total 358400K, used 105013K [0x0000000081800000, 0x0000000081900af0, 0x0000000100000000)
  region size 1024K, 23 young (23552K), 23 survivors (23552K)
 Metaspace       used 32013K, capacity 33148K, committed 33408K, reserved 1079296K
  class space    used 3359K, capacity 3648K, committed 3712K, reserved 1048576K
}
Event: 18.986 GC heap before
{Heap before GC invocations=29 (full 0):
 garbage-first heap   total 358400K, used 106037K [0x0000000081800000, 0x0000000081900af0, 0x0000000100000000)
  region size 1024K, 24 young (24576K), 23 survivors (23552K)
 Metaspace       used 32013K, capacity 33148K, committed 33408K, reserved 1079296K
  class space    used 3359K, capacity 3648K, committed 3712K, reserved 1048576K
}
Event: 18.994 GC heap after
{Heap after GC invocations=30 (full 0):
 garbage-first heap   total 358400K, used 75123K [0x0000000081800000, 0x0000000081900af0, 0x0000000100000000)
  region size 1024K, 3 young (3072K), 3 survivors (3072K)
 Metaspace       used 32013K, capacity 33148K, committed 33408K, reserved 1079296K
  class space    used 3359K, capacity 3648K, committed 3712K, reserved 1048576K
}
Event: 20.749 GC heap before
{Heap before GC invocations=30 (full 0):
 garbage-first heap   total 358400K, used 239987K [0x0000000081800000, 0x0000000081900af0, 0x0000000100000000)
  region size 1024K, 164 young (167936K), 3 survivors (3072K)
 Metaspace       used 44539K, capacity 45806K, committed 45952K, reserved 1089536K
  class space    used 4898K, capacity 5221K, committed 5248K, reserved 1048576K
}
Event: 20.767 GC heap after
{Heap after GC invocations=31 (full 0):
 garbage-first heap   total 358400K, used 93785K [0x0000000081800000, 0x0000000081900af0, 0x0000000100000000)
  region size 1024K, 21 young (21504K), 21 survivors (21504K)
 Metaspace       used 44539K, capacity 45806K, committed 45952K, reserved 1089536K
  class space    used 4898K, capacity 5221K, committed 5248K, reserved 1048576K
}
Event: 127.627 GC heap before
{Heap before GC invocations=31 (full 0):
 garbage-first heap   total 358400K, used 238169K [0x0000000081800000, 0x0000000081900af0, 0x0000000100000000)
  region size 1024K, 163 young (166912K), 21 survivors (21504K)
 Metaspace       used 54200K, capacity 55634K, committed 55680K, reserved 1099776K
  class space    used 6018K, capacity 6378K, committed 6400K, reserved 1048576K
}

